{"C:\\Users\\Narendra\\Desktop\\Full_Stack_Open\\part5\\bloglist-frontend\\src\\components\\Blog.jsx": {"path":"C:\\Users\\Narendra\\Desktop\\Full_Stack_Open\\part5\\bloglist-frontend\\src\\components\\Blog.jsx","statementMap":{"0":{"start":{"line":4,"column":13},"end":{"line":64,"column":1}},"1":{"start":{"line":5,"column":42},"end":{"line":5,"column":57}},"2":{"start":{"line":7,"column":26},"end":{"line":7,"column":62}},"3":{"start":{"line":9,"column":22},"end":{"line":15,"column":5}},"4":{"start":{"line":17,"column":28},"end":{"line":24,"column":5}},"5":{"start":{"line":18,"column":31},"end":{"line":22,"column":9}},"6":{"start":{"line":23,"column":8},"end":{"line":23,"column":35}},"7":{"start":{"line":26,"column":30},"end":{"line":30,"column":5}},"8":{"start":{"line":27,"column":8},"end":{"line":29,"column":9}},"9":{"start":{"line":28,"column":12},"end":{"line":28,"column":34}},"10":{"start":{"line":32,"column":20},"end":{"line":51,"column":5}},"11":{"start":{"line":33,"column":8},"end":{"line":50,"column":14}},"12":{"start":{"line":53,"column":4},"end":{"line":63,"column":6}},"13":{"start":{"line":57,"column":39},"end":{"line":57,"column":67}},"14":{"start":{"line":66,"column":0},"end":{"line":71,"column":2}}},"fnMap":{"0":{"name":"(anonymous_0)","decl":{"start":{"line":4,"column":13},"end":{"line":4,"column":14}},"loc":{"start":{"line":4,"column":59},"end":{"line":64,"column":1}},"line":4},"1":{"name":"(anonymous_1)","decl":{"start":{"line":17,"column":28},"end":{"line":17,"column":29}},"loc":{"start":{"line":17,"column":34},"end":{"line":24,"column":5}},"line":17},"2":{"name":"(anonymous_2)","decl":{"start":{"line":26,"column":30},"end":{"line":26,"column":31}},"loc":{"start":{"line":26,"column":36},"end":{"line":30,"column":5}},"line":26},"3":{"name":"(anonymous_3)","decl":{"start":{"line":32,"column":20},"end":{"line":32,"column":21}},"loc":{"start":{"line":33,"column":8},"end":{"line":50,"column":14}},"line":33},"4":{"name":"(anonymous_4)","decl":{"start":{"line":57,"column":33},"end":{"line":57,"column":34}},"loc":{"start":{"line":57,"column":39},"end":{"line":57,"column":67}},"line":57}},"branchMap":{"0":{"loc":{"start":{"line":27,"column":8},"end":{"line":29,"column":9}},"type":"if","locations":[{"start":{"line":27,"column":8},"end":{"line":29,"column":9}},{"start":{},"end":{}}],"line":27},"1":{"loc":{"start":{"line":42,"column":13},"end":{"line":49,"column":13}},"type":"binary-expr","locations":[{"start":{"line":42,"column":13},"end":{"line":42,"column":26}},{"start":{"line":43,"column":16},"end":{"line":48,"column":25}}],"line":42},"2":{"loc":{"start":{"line":58,"column":21},"end":{"line":58,"column":50}},"type":"cond-expr","locations":[{"start":{"line":58,"column":35},"end":{"line":58,"column":41}},{"start":{"line":58,"column":44},"end":{"line":58,"column":50}}],"line":58},"3":{"loc":{"start":{"line":61,"column":13},"end":{"line":61,"column":37}},"type":"binary-expr","locations":[{"start":{"line":61,"column":13},"end":{"line":61,"column":24}},{"start":{"line":61,"column":28},"end":{"line":61,"column":37}}],"line":61}},"s":{"0":0,"1":0,"2":0,"3":0,"4":0,"5":0,"6":0,"7":0,"8":0,"9":0,"10":0,"11":0,"12":0,"13":0,"14":0},"f":{"0":0,"1":0,"2":0,"3":0,"4":0},"b":{"0":[0,0],"1":[0,0],"2":[0,0],"3":[0,0]}}
,"C:\\Users\\Narendra\\Desktop\\Full_Stack_Open\\part5\\bloglist-frontend\\src\\components\\BlogForm.jsx": {"path":"C:\\Users\\Narendra\\Desktop\\Full_Stack_Open\\part5\\bloglist-frontend\\src\\components\\BlogForm.jsx","statementMap":{"0":{"start":{"line":3,"column":17},"end":{"line":56,"column":1}},"1":{"start":{"line":4,"column":30},"end":{"line":4,"column":42}},"2":{"start":{"line":5,"column":32},"end":{"line":5,"column":44}},"3":{"start":{"line":6,"column":26},"end":{"line":6,"column":38}},"4":{"start":{"line":8,"column":39},"end":{"line":14,"column":5}},"5":{"start":{"line":9,"column":8},"end":{"line":9,"column":31}},"6":{"start":{"line":10,"column":8},"end":{"line":10,"column":55}},"7":{"start":{"line":11,"column":8},"end":{"line":11,"column":21}},"8":{"start":{"line":12,"column":8},"end":{"line":12,"column":22}},"9":{"start":{"line":13,"column":8},"end":{"line":13,"column":19}},"10":{"start":{"line":16,"column":4},"end":{"line":55,"column":6}},"11":{"start":{"line":25,"column":41},"end":{"line":25,"column":69}},"12":{"start":{"line":35,"column":41},"end":{"line":35,"column":70}},"13":{"start":{"line":45,"column":41},"end":{"line":45,"column":67}}},"fnMap":{"0":{"name":"(anonymous_0)","decl":{"start":{"line":3,"column":17},"end":{"line":3,"column":18}},"loc":{"start":{"line":3,"column":49},"end":{"line":56,"column":1}},"line":3},"1":{"name":"(anonymous_1)","decl":{"start":{"line":8,"column":39},"end":{"line":8,"column":40}},"loc":{"start":{"line":8,"column":50},"end":{"line":14,"column":5}},"line":8},"2":{"name":"(anonymous_2)","decl":{"start":{"line":25,"column":30},"end":{"line":25,"column":31}},"loc":{"start":{"line":25,"column":41},"end":{"line":25,"column":69}},"line":25},"3":{"name":"(anonymous_3)","decl":{"start":{"line":35,"column":30},"end":{"line":35,"column":31}},"loc":{"start":{"line":35,"column":41},"end":{"line":35,"column":70}},"line":35},"4":{"name":"(anonymous_4)","decl":{"start":{"line":45,"column":30},"end":{"line":45,"column":31}},"loc":{"start":{"line":45,"column":41},"end":{"line":45,"column":67}},"line":45}},"branchMap":{},"s":{"0":0,"1":0,"2":0,"3":0,"4":0,"5":0,"6":0,"7":0,"8":0,"9":0,"10":0,"11":0,"12":0,"13":0},"f":{"0":0,"1":0,"2":0,"3":0,"4":0},"b":{}}
}
