TN:
SF:src\components\Blog.jsx
FN:4,(anonymous_0)
FN:17,(anonymous_1)
FN:26,(anonymous_2)
FN:32,(anonymous_3)
FN:57,(anonymous_4)
FNF:5
FNH:0
FNDA:0,(anonymous_0)
FNDA:0,(anonymous_1)
FNDA:0,(anonymous_2)
FNDA:0,(anonymous_3)
FNDA:0,(anonymous_4)
DA:4,0
DA:5,0
DA:7,0
DA:9,0
DA:17,0
DA:18,0
DA:23,0
DA:26,0
DA:27,0
DA:28,0
DA:32,0
DA:33,0
DA:53,0
DA:57,0
DA:66,0
LF:15
LH:0
BRDA:27,0,0,0
BRDA:27,0,1,0
BRDA:42,1,0,0
BRDA:42,1,1,0
BRDA:58,2,0,0
BRDA:58,2,1,0
BRDA:61,3,0,0
BRDA:61,3,1,0
BRF:8
BRH:0
end_of_record
TN:
SF:src\components\BlogForm.jsx
FN:3,(anonymous_0)
FN:8,(anonymous_1)
FN:25,(anonymous_2)
FN:35,(anonymous_3)
FN:45,(anonymous_4)
FNF:5
FNH:0
FNDA:0,(anonymous_0)
FNDA:0,(anonymous_1)
FNDA:0,(anonymous_2)
FNDA:0,(anonymous_3)
FNDA:0,(anonymous_4)
DA:3,0
DA:4,0
DA:5,0
DA:6,0
DA:8,0
DA:9,0
DA:10,0
DA:11,0
DA:12,0
DA:13,0
DA:16,0
DA:25,0
DA:35,0
DA:45,0
LF:14
LH:0
BRF:0
BRH:0
end_of_record
